
[2019-03-22 16:14:34] INFO [main: CodeCraft-2019.py, 23] car_path is ../config/car.txt
[2019-03-22 16:14:34] INFO [main: CodeCraft-2019.py, 24] road_path is ../config/road.txt
[2019-03-22 16:14:34] INFO [main: CodeCraft-2019.py, 25] cross_path is ../config/cross.txt
[2019-03-22 16:14:34] INFO [main: CodeCraft-2019.py, 26] answer_path is ../config/answer.txt
[2019-03-22 16:28:06] INFO [main: CodeCraft-2019.py, 23] car_path is ../config/car.txt
[2019-03-22 16:28:06] INFO [main: CodeCraft-2019.py, 24] road_path is ../config/road.txt
[2019-03-22 16:28:06] INFO [main: CodeCraft-2019.py, 25] cross_path is ../config/cross.txt
[2019-03-22 16:28:06] INFO [main: CodeCraft-2019.py, 26] answer_path is ../config/answer.txt
[2019-03-22 16:29:35] INFO [main: CodeCraft-2019.py, 23] car_path is ../config/car.txt
[2019-03-22 16:29:35] INFO [main: CodeCraft-2019.py, 24] road_path is ../config/road.txt
[2019-03-22 16:29:35] INFO [main: CodeCraft-2019.py, 25] cross_path is ../config/cross.txt
[2019-03-22 16:29:35] INFO [main: CodeCraft-2019.py, 26] answer_path is ../config/answer.txt
[2019-03-22 16:30:30] INFO [main: CodeCraft-2019.py, 23] car_path is ../config/car.txt
[2019-03-22 16:30:30] INFO [main: CodeCraft-2019.py, 24] road_path is ../config/road.txt
[2019-03-22 16:30:30] INFO [main: CodeCraft-2019.py, 25] cross_path is ../config/cross.txt
[2019-03-22 16:30:30] INFO [main: CodeCraft-2019.py, 26] answer_path is ../config/answer.txt
[2019-03-22 16:32:24] INFO [main: CodeCraft-2019.py, 23] car_path is ../config/car.txt
[2019-03-22 16:32:24] INFO [main: CodeCraft-2019.py, 24] road_path is ../config/road.txt
[2019-03-22 16:32:24] INFO [main: CodeCraft-2019.py, 25] cross_path is ../config/cross.txt
[2019-03-22 16:32:24] INFO [main: CodeCraft-2019.py, 26] answer_path is ../config/answer.txt
[2019-03-22 16:34:08] INFO [main: CodeCraft-2019.py, 23] car_path is ../config/car.txt
[2019-03-22 16:34:08] INFO [main: CodeCraft-2019.py, 24] road_path is ../config/road.txt
[2019-03-22 16:34:08] INFO [main: CodeCraft-2019.py, 25] cross_path is ../config/cross.txt
[2019-03-22 16:34:08] INFO [main: CodeCraft-2019.py, 26] answer_path is ../config/answer.txt
[2019-03-22 17:14:47] INFO [main: CodeCraft-2019.py, 23] car_path is ../config/car.txt
[2019-03-22 17:14:47] INFO [main: CodeCraft-2019.py, 24] road_path is ../config/road.txt
[2019-03-22 17:14:47] INFO [main: CodeCraft-2019.py, 25] cross_path is ../config/cross.txt
[2019-03-22 17:14:47] INFO [main: CodeCraft-2019.py, 26] answer_path is ../config/answer.txt
[2019-03-22 17:15:35] INFO [main: CodeCraft-2019.py, 23] car_path is ../config/car.txt
[2019-03-22 17:15:35] INFO [main: CodeCraft-2019.py, 24] road_path is ../config/road.txt
[2019-03-22 17:15:35] INFO [main: CodeCraft-2019.py, 25] cross_path is ../config/cross.txt
[2019-03-22 17:15:35] INFO [main: CodeCraft-2019.py, 26] answer_path is ../config/answer.txt
[2019-03-22 17:17:21] INFO [main: CodeCraft-2019.py, 23] car_path is ../config/car.txt
[2019-03-22 17:17:21] INFO [main: CodeCraft-2019.py, 24] road_path is ../config/road.txt
[2019-03-22 17:17:21] INFO [main: CodeCraft-2019.py, 25] cross_path is ../config/cross.txt
[2019-03-22 17:17:21] INFO [main: CodeCraft-2019.py, 26] answer_path is ../config/answer.txt
[2019-03-22 17:20:01] INFO [main: CodeCraft-2019.py, 23] car_path is ../config/car.txt
[2019-03-22 17:20:01] INFO [main: CodeCraft-2019.py, 24] road_path is ../config/road.txt
[2019-03-22 17:20:01] INFO [main: CodeCraft-2019.py, 25] cross_path is ../config/cross.txt
[2019-03-22 17:20:01] INFO [main: CodeCraft-2019.py, 26] answer_path is ../config/answer.txt
[2019-03-22 17:21:05] INFO [main: CodeCraft-2019.py, 23] car_path is ../config/car.txt
[2019-03-22 17:21:05] INFO [main: CodeCraft-2019.py, 24] road_path is ../config/road.txt
[2019-03-22 17:21:05] INFO [main: CodeCraft-2019.py, 25] cross_path is ../config/cross.txt
[2019-03-22 17:21:05] INFO [main: CodeCraft-2019.py, 26] answer_path is ../config/answer.txt
[2019-03-22 21:03:23] INFO [main: CodeCraft-2019.py, 23] car_path is ../config/car.txt
[2019-03-22 21:03:23] INFO [main: CodeCraft-2019.py, 24] road_path is ../config/road.txt
[2019-03-22 21:03:23] INFO [main: CodeCraft-2019.py, 25] cross_path is ../config/cross.txt
[2019-03-22 21:03:23] INFO [main: CodeCraft-2019.py, 26] answer_path is ../config/answer.txt
[2019-03-22 21:05:20] INFO [main: CodeCraft-2019.py, 15] please input args: car_path, road_path, cross_path, answerPath
[2019-03-23 10:29:07] INFO [main: CodeCraft-2019.py, 15] please input args: car_path, road_path, cross_path, answerPath
